Reading netlist file: "C:\GOWIN\Engineering\GOWIN_Designs\GOWIN_UAC2\GOWIN_UAC2_Demos_21Jul2023\UAC_GW1N_REF_V2R1\prj\impl\gwsynthesis\usbAudio.vg"
Parsing netlist file "C:\GOWIN\Engineering\GOWIN_Designs\GOWIN_UAC2\GOWIN_UAC2_Demos_21Jul2023\UAC_GW1N_REF_V2R1\prj\impl\gwsynthesis\usbAudio.vg" completed
Processing netlist completed
Reading constraint file: "C:\GOWIN\Engineering\GOWIN_Designs\GOWIN_UAC2\GOWIN_UAC2_Demos_21Jul2023\UAC_GW1N_REF_V2R1\prj\src\usb2Audio.cst"
Physical Constraint parsed completed
Running placement......
[10%] Placement Phase 0 completed
[20%] Placement Phase 1 completed
[30%] Placement Phase 2 completed
[50%] Placement Phase 3 completed
Running routing......
[60%] Routing Phase 0 completed
[70%] Routing Phase 1 completed
[80%] Routing Phase 2 completed
[90%] Routing Phase 3 completed
Running timing analysis......
[95%] Timing analysis completed
Placement and routing completed
Bitstream generation in progress......
Bitstream generation completed
Running power analysis......
[100%] Power analysis completed
Generate file "C:\GOWIN\Engineering\GOWIN_Designs\GOWIN_UAC2\GOWIN_UAC2_Demos_21Jul2023\UAC_GW1N_REF_V2R1\prj\impl\pnr\usbAudio.power.html" completed
Generate file "C:\GOWIN\Engineering\GOWIN_Designs\GOWIN_UAC2\GOWIN_UAC2_Demos_21Jul2023\UAC_GW1N_REF_V2R1\prj\impl\pnr\usbAudio.pin.html" completed
Generate file "C:\GOWIN\Engineering\GOWIN_Designs\GOWIN_UAC2\GOWIN_UAC2_Demos_21Jul2023\UAC_GW1N_REF_V2R1\prj\impl\pnr\usbAudio.rpt.html" completed
Generate file "C:\GOWIN\Engineering\GOWIN_Designs\GOWIN_UAC2\GOWIN_UAC2_Demos_21Jul2023\UAC_GW1N_REF_V2R1\prj\impl\pnr\usbAudio.rpt.txt" completed
Generate file "C:\GOWIN\Engineering\GOWIN_Designs\GOWIN_UAC2\GOWIN_UAC2_Demos_21Jul2023\UAC_GW1N_REF_V2R1\prj\impl\pnr\usbAudio.tr.html" completed
Generate file "C:\GOWIN\Engineering\GOWIN_Designs\GOWIN_UAC2\GOWIN_UAC2_Demos_21Jul2023\UAC_GW1N_REF_V2R1\prj\impl\pnr\usbAudio.posp" completed
Fri Jul 21 11:10:58 2023

